timestamp: 2020-05-12T14:38:20.671049
CREATE TABLE "py4web_session"(
    "id" INTEGER PRIMARY KEY AUTOINCREMENT,
    "rkey" CHAR(512),
    "rvalue" TEXT,
    "expiration" INTEGER,
    "created_on" TIMESTAMP,
    "expires_on" TIMESTAMP
);
success!
timestamp: 2020-05-12T14:38:20.780769
CREATE TABLE "auth_user"(
    "id" INTEGER PRIMARY KEY AUTOINCREMENT,
    "email" CHAR(512) UNIQUE,
    "password" CHAR(512),
    "first_name" CHAR(512),
    "last_name" CHAR(512),
    "sso_id" CHAR(512),
    "action_token" CHAR(512),
    "last_password_change" TIMESTAMP
);
success!
timestamp: 2020-05-12T14:38:20.910826
CREATE TABLE "auth_user_tag_groups"(
    "id" INTEGER PRIMARY KEY AUTOINCREMENT,
    "path" CHAR(512),
    "record_id" INTEGER REFERENCES "auth_user" ("id") ON DELETE CASCADE  
);
success!
timestamp: 2020-05-12T14:38:21.040888
CREATE TABLE "post"(
    "id" INTEGER PRIMARY KEY AUTOINCREMENT,
    "user_email" CHAR(512),
    "post_text" TEXT,
    "ts" TIMESTAMP
);
success!
timestamp: 2020-05-12T14:38:21.141199
CREATE TABLE "thumb"(
    "id" INTEGER PRIMARY KEY AUTOINCREMENT,
    "user_email" CHAR(512),
    "post_id" INTEGER REFERENCES "post" ("id") ON DELETE CASCADE  ,
    "rating" INTEGER
);
success!
