timestamp: 2020-04-30T15:42:16.390822
CREATE TABLE "py4web_session"(
    "id" INTEGER PRIMARY KEY AUTOINCREMENT,
    "rkey" CHAR(512),
    "rvalue" TEXT,
    "expiration" INTEGER,
    "created_on" TIMESTAMP,
    "expires_on" TIMESTAMP
);
success!
timestamp: 2020-04-30T15:42:16.400794
CREATE TABLE "auth_user"(
    "id" INTEGER PRIMARY KEY AUTOINCREMENT,
    "email" CHAR(512) UNIQUE,
    "password" CHAR(512),
    "first_name" CHAR(512),
    "last_name" CHAR(512),
    "sso_id" CHAR(512),
    "action_token" CHAR(512),
    "last_password_change" TIMESTAMP
);
success!
timestamp: 2020-04-30T15:42:16.406779
CREATE TABLE "auth_user_tag_groups"(
    "id" INTEGER PRIMARY KEY AUTOINCREMENT,
    "path" CHAR(512),
    "record_id" INTEGER REFERENCES "auth_user" ("id") ON DELETE CASCADE  
);
success!
timestamp: 2020-04-30T17:40:46.026166
CREATE TABLE "User"(
    "id" INTEGER PRIMARY KEY AUTOINCREMENT,
    "first_name" TEXT,
    "last_name" TEXT,
    "email" TEXT
);
success!
timestamp: 2020-04-30T17:55:17.094149
CREATE TABLE "Contact"(
    "id" INTEGER PRIMARY KEY AUTOINCREMENT,
    "first_name" TEXT,
    "last_name" TEXT,
    "email" TEXT
);
success!
timestamp: 2020-04-30T19:01:24.309854
ALTER TABLE "contact" ADD "user_email" CHAR(512);
success!
success!
success!
success!
success!
success!
success!
success!
success!
success!
success!
success!
success!
success!
success!
success!
success!
success!
success!
success!
success!
success!
success!
success!
success!
timestamp: 2020-05-06T00:20:07.365242
CREATE TABLE "phone"(
    "id" INTEGER PRIMARY KEY AUTOINCREMENT,
    "contact_id" INTEGER REFERENCES "contact" ("id") ON DELETE CASCADE  ,
    "phone" CHAR(512),
    "type" TEXT
);
success!
success!
success!
success!
success!
success!
success!
success!
success!
success!
success!
success!
success!
success!
success!
success!
success!
success!
success!
success!
success!
success!
success!
success!
success!
DROP TABLE "py4web_session";
success!
DROP TABLE "auth_user";
success!
DROP TABLE "auth_user_tag_groups";
success!
success!
timestamp: 2020-05-06T02:35:59.459695
CREATE TABLE "py4web_session"(
    "id" INTEGER PRIMARY KEY AUTOINCREMENT,
    "rkey" CHAR(512),
    "rvalue" TEXT,
    "expiration" INTEGER,
    "created_on" TIMESTAMP,
    "expires_on" TIMESTAMP
);
success!
timestamp: 2020-05-06T02:35:59.466700
CREATE TABLE "auth_user"(
    "id" INTEGER PRIMARY KEY AUTOINCREMENT,
    "email" CHAR(512) UNIQUE,
    "password" CHAR(512),
    "first_name" CHAR(512),
    "last_name" CHAR(512),
    "sso_id" CHAR(512),
    "action_token" CHAR(512),
    "last_password_change" TIMESTAMP
);
success!
timestamp: 2020-05-06T02:35:59.471664
CREATE TABLE "auth_user_tag_groups"(
    "id" INTEGER PRIMARY KEY AUTOINCREMENT,
    "path" CHAR(512),
    "record_id" INTEGER REFERENCES "auth_user" ("id") ON DELETE CASCADE  
);
success!
success!
DROP TABLE "py4web_session";
success!
DROP TABLE "auth_user";
success!
DROP TABLE "auth_user_tag_groups";
success!
success!
timestamp: 2020-05-06T02:37:46.732529
CREATE TABLE "py4web_session"(
    "id" INTEGER PRIMARY KEY AUTOINCREMENT,
    "rkey" CHAR(512),
    "rvalue" TEXT,
    "expiration" INTEGER,
    "created_on" TIMESTAMP,
    "expires_on" TIMESTAMP
);
success!
timestamp: 2020-05-06T02:37:46.737518
CREATE TABLE "auth_user"(
    "id" INTEGER PRIMARY KEY AUTOINCREMENT,
    "email" CHAR(512) UNIQUE,
    "password" CHAR(512),
    "first_name" CHAR(512),
    "last_name" CHAR(512),
    "sso_id" CHAR(512),
    "action_token" CHAR(512),
    "last_password_change" TIMESTAMP
);
success!
timestamp: 2020-05-06T02:37:46.743501
CREATE TABLE "auth_user_tag_groups"(
    "id" INTEGER PRIMARY KEY AUTOINCREMENT,
    "path" CHAR(512),
    "record_id" INTEGER REFERENCES "auth_user" ("id") ON DELETE CASCADE  
);
success!
success!
success!
timestamp: 2020-05-06T12:31:43.032699
CREATE TABLE "contact"(
    "id" INTEGER PRIMARY KEY AUTOINCREMENT,
    "first_name" TEXT NOT NULL,
    "last_name" TEXT NOT NULL,
    "user_email" CHAR(512)
);
success!
timestamp: 2020-05-06T12:31:43.038658
CREATE TABLE "phone"(
    "id" INTEGER PRIMARY KEY AUTOINCREMENT,
    "contact_id" INTEGER REFERENCES "contact" ("id") ON DELETE CASCADE  ,
    "phone" CHAR(512) NOT NULL,
    "type" TEXT NOT NULL
);
success!
timestamp: 2020-05-06T13:38:17.905901
CREATE TABLE "contact"(
    "id" INTEGER PRIMARY KEY AUTOINCREMENT,
    "first_name" CHAR(512),
    "last_name" CHAR(512),
    "user_email" CHAR(512)
);
timestamp: 2020-05-06T13:38:41.881445
CREATE TABLE "contact"(
    "id" INTEGER PRIMARY KEY AUTOINCREMENT,
    "first_name" CHAR(512),
    "last_name" CHAR(512),
    "user_email" CHAR(512)
);
timestamp: 2020-05-06T13:40:44.509789
CREATE TABLE "contact"(
    "id" INTEGER PRIMARY KEY AUTOINCREMENT,
    "first_name" CHAR(512),
    "last_name" CHAR(512),
    "user_email" CHAR(512)
);
success!
timestamp: 2020-05-06T13:40:44.568930
CREATE TABLE "phone"(
    "id" INTEGER PRIMARY KEY AUTOINCREMENT,
    "contact_id" INTEGER REFERENCES "contact" ("id") ON DELETE CASCADE  ,
    "phone" CHAR(512) NOT NULL,
    "type" CHAR(512)
);
success!
timestamp: 2020-05-06T13:43:00.873606
CREATE TABLE "contact"(
    "id" INTEGER PRIMARY KEY AUTOINCREMENT,
    "first_name" CHAR(512),
    "last_name" CHAR(512),
    "user_email" CHAR(512)
);
success!
timestamp: 2020-05-06T13:43:00.879560
CREATE TABLE "phone"(
    "id" INTEGER PRIMARY KEY AUTOINCREMENT,
    "contact_id" INTEGER REFERENCES "contact" ("id") ON DELETE CASCADE  ,
    "phone" CHAR(512),
    "type" CHAR(512)
);
success!
timestamp: 2020-05-07T19:15:16.465238
CREATE TABLE "contact"(
    "id" INTEGER PRIMARY KEY AUTOINCREMENT,
    "first_name" CHAR(512),
    "last_name" CHAR(512),
    "user_email" CHAR(512)
);
success!
timestamp: 2020-05-07T19:15:16.471196
CREATE TABLE "phone"(
    "id" INTEGER PRIMARY KEY AUTOINCREMENT,
    "contact_id" INTEGER REFERENCES "contact" ("id") ON DELETE CASCADE  ,
    "phone" CHAR(512),
    "type" CHAR(512)
);
success!
