timestamp: 2020-05-05T11:48:48.702287
CREATE TABLE "py4web_session"(
    "id" INTEGER PRIMARY KEY AUTOINCREMENT,
    "rkey" CHAR(512),
    "rvalue" TEXT,
    "expiration" INTEGER,
    "created_on" TIMESTAMP,
    "expires_on" TIMESTAMP
);
success!
timestamp: 2020-05-05T11:48:48.705151
CREATE TABLE "auth_user"(
    "id" INTEGER PRIMARY KEY AUTOINCREMENT,
    "email" CHAR(512) UNIQUE,
    "password" CHAR(512),
    "first_name" CHAR(512),
    "last_name" CHAR(512),
    "sso_id" CHAR(512),
    "action_token" CHAR(512),
    "last_password_change" TIMESTAMP
);
success!
timestamp: 2020-05-05T11:48:48.706755
CREATE TABLE "auth_user_tag_groups"(
    "id" INTEGER PRIMARY KEY AUTOINCREMENT,
    "path" CHAR(512),
    "record_id" INTEGER REFERENCES "auth_user" ("id") ON DELETE CASCADE  
);
success!
timestamp: 2020-05-05T11:48:48.708590
CREATE TABLE "contact"(
    "id" INTEGER PRIMARY KEY AUTOINCREMENT,
    "first_name" CHAR(512),
    "last_name" CHAR(512),
    "user_email" CHAR(512)
);
success!
timestamp: 2020-05-05T11:48:48.710363
CREATE TABLE "phone"(
    "id" INTEGER PRIMARY KEY AUTOINCREMENT,
    "number" CHAR(512),
    "kind" CHAR(512),
    "phone_user" CHAR(512)
);
success!
