timestamp: 2020-04-28T17:31:50.615107
CREATE TABLE "py4web_session"(
    "id" INTEGER PRIMARY KEY AUTOINCREMENT,
    "rkey" CHAR(512),
    "rvalue" TEXT,
    "expiration" INTEGER,
    "created_on" TIMESTAMP,
    "expires_on" TIMESTAMP
);
success!
timestamp: 2020-04-28T17:31:50.624036
CREATE TABLE "auth_user"(
    "id" INTEGER PRIMARY KEY AUTOINCREMENT,
    "email" CHAR(512) UNIQUE,
    "password" CHAR(512),
    "first_name" CHAR(512),
    "last_name" CHAR(512),
    "sso_id" CHAR(512),
    "action_token" CHAR(512)
);
success!
timestamp: 2020-04-28T17:31:50.629836
CREATE TABLE "auth_user_tag_groups"(
    "id" INTEGER PRIMARY KEY AUTOINCREMENT,
    "path" CHAR(512),
    "record_id" INTEGER REFERENCES "auth_user" ("id") ON DELETE CASCADE  
);
success!
timestamp: 2020-04-28T18:40:02.656487
CREATE TABLE "person"(
    "id" INTEGER PRIMARY KEY AUTOINCREMENT,
    "user_email" CHAR(512),
    "first_name" CHAR(512),
    "last_name" CHAR(512)
);
success!
timestamp: 2020-05-05T14:47:25.991618
CREATE TABLE "phone"(
    "id" INTEGER PRIMARY KEY AUTOINCREMENT,
    "user_email" CHAR(512),
    "first_name" CHAR(512),
    "last_name" CHAR(512),
    "number" CHAR(512),
    "kind" CHAR(512)
);
success!
timestamp: 2020-05-05T15:01:19.652816
ALTER TABLE "phone" ADD "person_id" CHAR(512);
success!
success!
success!
success!
success!
timestamp: 2020-05-05T15:13:23.807480
ALTER TABLE "phone" ADD "phone" CHAR(512);
success!
success!
success!
success!
success!
success!
success!
success!
success!
success!
success!
success!
success!
timestamp: 2020-05-05T15:26:56.385793
ALTER TABLE "person" ADD "phone_numbers" CHAR(512);
success!
success!
success!
success!
success!
success!
success!
success!
success!
success!
success!
success!
success!
success!
success!
success!
success!
success!
success!
success!
success!
success!
success!
success!
success!
success!
success!
success!
success!
success!
success!
success!
success!
success!
success!
success!
success!
timestamp: 2020-05-05T16:22:49.650023
CREATE TABLE "phone"(
    "id" INTEGER PRIMARY KEY AUTOINCREMENT,
    "user_email" CHAR(512),
    "person_id" CHAR(512),
    "phone" CHAR(512),
    "kind" CHAR(512)
);
success!
success!
success!
success!
success!
success!
success!
success!
success!
success!
success!
success!
success!
success!
success!
success!
success!
success!
success!
success!
success!
success!
success!
success!
success!
success!
success!
success!
success!
success!
success!
success!
success!
success!
success!
success!
success!
success!
success!
success!
success!
success!
success!
success!
success!
success!
success!
success!
success!
success!
success!
success!
success!
success!
success!
success!
success!
success!
success!
success!
success!
success!
success!
success!
success!
timestamp: 2020-05-05T18:46:36.224837
CREATE TABLE "phone"(
    "id" INTEGER PRIMARY KEY AUTOINCREMENT,
    "user_email" CHAR(512),
    "person_id" INTEGER REFERENCES "person" ("id") ON DELETE CASCADE  ,
    "phone" CHAR(512),
    "kind" CHAR(512)
);
timestamp: 2020-05-05T18:46:51.456206
CREATE TABLE "phone"(
    "id" INTEGER PRIMARY KEY AUTOINCREMENT,
    "user_email" CHAR(512),
    "person_id" INTEGER REFERENCES "person" ("id") ON DELETE CASCADE  ,
    "phone" CHAR(512),
    "kind" CHAR(512)
);
success!
success!
success!
success!
success!
success!
success!
success!
success!
success!
success!
success!
success!
success!
success!
success!
success!
success!
success!
success!
success!
success!
success!
success!
success!
success!
success!
success!
success!
success!
success!
timestamp: 2020-05-13T17:20:56.607273
ALTER TABLE "auth_user" ADD "last_password_change" TIMESTAMP;
success!
success!
success!
